<?xml version="1.0" encoding="UTF-8"?>
<testsuite name="PhoneBookTest" tests="1" skipped="0" failures="0" errors="0" timestamp="2022-01-12T20:13:46" hostname="foxhound" time="16.678">
  <properties/>
  <testcase name="start" classname="PhoneBookTest" time="16.678"/>
  <system-out><![CDATA[?[1;31m
Start test 1?[0m
Start searching (linear search)...
Found 500 / 500 entries. Time taken: 00 min. 00 sec. 091 ms.

Start searching (bubble sort + jump search)...
Found 500 / 500 entries. Time taken: 00 min. 16 sec. 454 ms.
Sorting time: 00 min. 16 sec. 450 ms.
Searching time: 00 min. 00 sec. 004 ms.

Start searching (quick sort + binary search)...
Found 500 / 500 entries. Time taken: 00 min. 00 sec. 022 ms.
Sorting time: 00 min. 00 sec. 020 ms.
Searching time: 00 min. 00 sec. 002 ms.

Start searching (hash table)...
Found 500 / 500 entries. Time taken: 00 min. 00 sec. 010 ms.
Creating time: 00 min. 00 sec. 010 ms.
Searching time: 00 min. 00 sec. 000 ms.

]]></system-out>
  <system-err><![CDATA[]]></system-err>
</testsuite>
